<?xml version="1.0" encoding="UTF-8"?>
<robot generator="Robot 3.2.2 (Python 3.9.0 on win32)" generated="20201122 19:38:22.007" rpa="false">
<suite id="s1" name="Testcases" source="C:\Automation\robotframework_selenium_test\tests\testcases.robot">
<kw name="Launch chrome" library="general_resources" type="setup">
<kw name="Open Browser" library="SeleniumLibrary">
<doc>Opens a new browser instance to the optional ``url``.</doc>
<arguments>
<arg>https://dmca-edu-ph.herokuapp.com</arg>
<arg>${BROWSER}</arg>
</arguments>
<msg timestamp="20201122 19:38:22.164" level="INFO">Opening browser 'chrome' to base url 'https://dmca-edu-ph.herokuapp.com'.</msg>
<status status="PASS" starttime="20201122 19:38:22.164" endtime="20201122 19:38:28.519"></status>
</kw>
<kw name="Maximize Browser Window" library="SeleniumLibrary">
<doc>Maximizes current browser window.</doc>
<status status="PASS" starttime="20201122 19:38:28.519" endtime="20201122 19:38:30.667"></status>
</kw>
<status status="PASS" starttime="20201122 19:38:22.163" endtime="20201122 19:38:30.667"></status>
</kw>
<test id="s1-t1" name="Valid User Login">
<kw name="User Login" library="general_resources">
<kw name="Click Element" library="SeleniumLibrary">
<doc>Click the element identified by ``locator``.</doc>
<arguments>
<arg>${loginLink}</arg>
</arguments>
<msg timestamp="20201122 19:38:30.669" level="INFO">Clicking element 'css:div.navbar-fixed nav:nth-child(1) div.nav-wrapper.white ul.right.hide-on-med-and-down li:nth-child(3) &gt; a.btn-flat.waves-effect'.</msg>
<status status="PASS" starttime="20201122 19:38:30.668" endtime="20201122 19:38:32.408"></status>
</kw>
<kw name="Input Text" library="SeleniumLibrary">
<doc>Types the given ``text`` into the text field identified by ``locator``.</doc>
<arguments>
<arg>username</arg>
<arg>${user.email}</arg>
</arguments>
<msg timestamp="20201122 19:38:32.409" level="INFO">Typing text 'joshtest1@mailinator.com' into text field 'username'.</msg>
<status status="PASS" starttime="20201122 19:38:32.408" endtime="20201122 19:38:32.505"></status>
</kw>
<kw name="Input Password" library="SeleniumLibrary">
<doc>Types the given password into the text field identified by ``locator``.</doc>
<arguments>
<arg>password</arg>
<arg>${user.password}</arg>
</arguments>
<msg timestamp="20201122 19:38:32.506" level="INFO">Typing password into text field 'password'.</msg>
<msg timestamp="20201122 19:38:32.539" level="INFO">Temporally setting log level to: NONE</msg>
<msg timestamp="20201122 19:38:32.573" level="INFO">Log level changed from NONE to INFO.</msg>
<status status="PASS" starttime="20201122 19:38:32.505" endtime="20201122 19:38:32.573"></status>
</kw>
<kw name="Click Element" library="SeleniumLibrary">
<doc>Click the element identified by ``locator``.</doc>
<arguments>
<arg>loginButton</arg>
</arguments>
<msg timestamp="20201122 19:38:32.574" level="INFO">Clicking element 'loginButton'.</msg>
<status status="PASS" starttime="20201122 19:38:32.573" endtime="20201122 19:38:33.586"></status>
</kw>
<kw name="Page Should Contain" library="SeleniumLibrary">
<doc>Verifies that current page contains ``text``.</doc>
<arguments>
<arg>DMCA SIS</arg>
</arguments>
<msg timestamp="20201122 19:38:33.598" level="INFO">Current page contains text 'DMCA SIS'.</msg>
<status status="PASS" starttime="20201122 19:38:33.586" endtime="20201122 19:38:33.599"></status>
</kw>
<status status="PASS" starttime="20201122 19:38:30.668" endtime="20201122 19:38:33.599"></status>
</kw>
<kw name="User Logout" library="general_resources">
<kw name="Click Element" library="SeleniumLibrary">
<doc>Click the element identified by ``locator``.</doc>
<arguments>
<arg>${profileLink}</arg>
</arguments>
<msg timestamp="20201122 19:38:33.601" level="INFO">Clicking element 'css:nav.z-depth-0:nth-child(1) div.navbar-fixed nav:nth-child(1) div.nav-wrapper.white ul.right.hide-on-med-and-down li:nth-child(5) &gt; a.nav-link.dropdown-trigger.center.black-text'.</msg>
<status status="PASS" starttime="20201122 19:38:33.600" endtime="20201122 19:38:33.644"></status>
</kw>
<kw name="Click Element" library="SeleniumLibrary">
<doc>Click the element identified by ``locator``.</doc>
<arguments>
<arg>${logoutLink}</arg>
</arguments>
<msg timestamp="20201122 19:38:33.644" level="INFO">Clicking element 'css:nav.z-depth-0:nth-child(1) div.navbar-fixed div.nav-wrapper.white ul.right.hide-on-med-and-down li:nth-child(5) ul.dropdown-content li:nth-child(4) &gt; a.nav-link.red.accent.white-text.center.hoverable'.</msg>
<status status="PASS" starttime="20201122 19:38:33.644" endtime="20201122 19:38:34.473"></status>
</kw>
<kw name="Title Should Be" library="SeleniumLibrary">
<doc>Verifies that the current page title equals ``title``.</doc>
<arguments>
<arg>Login</arg>
</arguments>
<msg timestamp="20201122 19:38:34.476" level="INFO">Page title is 'Login'.</msg>
<status status="PASS" starttime="20201122 19:38:34.473" endtime="20201122 19:38:34.476"></status>
</kw>
<status status="PASS" starttime="20201122 19:38:33.599" endtime="20201122 19:38:34.476"></status>
</kw>
<status status="PASS" starttime="20201122 19:38:30.668" endtime="20201122 19:38:34.477" critical="yes"></status>
</test>
<test id="s1-t2" name="Invalid User Login">
<kw name="Invalid Login using ${XNAME} and ${XPASS}" library="general_resources">
<kw name="Click Element" library="SeleniumLibrary">
<doc>Click the element identified by ``locator``.</doc>
<arguments>
<arg>${loginLink}</arg>
</arguments>
<msg timestamp="20201122 19:38:34.479" level="INFO">Clicking element 'css:div.navbar-fixed nav:nth-child(1) div.nav-wrapper.white ul.right.hide-on-med-and-down li:nth-child(3) &gt; a.btn-flat.waves-effect'.</msg>
<status status="PASS" starttime="20201122 19:38:34.479" endtime="20201122 19:38:35.057"></status>
</kw>
<kw name="Input Text" library="SeleniumLibrary">
<doc>Types the given ``text`` into the text field identified by ``locator``.</doc>
<arguments>
<arg>username</arg>
<arg>${XNAME}</arg>
</arguments>
<msg timestamp="20201122 19:38:35.057" level="INFO">Typing text 'testname@invalid.com' into text field 'username'.</msg>
<status status="PASS" starttime="20201122 19:38:35.057" endtime="20201122 19:38:35.141"></status>
</kw>
<kw name="Input Password" library="SeleniumLibrary">
<doc>Types the given password into the text field identified by ``locator``.</doc>
<arguments>
<arg>password</arg>
<arg>${XPASS}</arg>
</arguments>
<msg timestamp="20201122 19:38:35.142" level="INFO">Typing password into text field 'password'.</msg>
<msg timestamp="20201122 19:38:35.169" level="INFO">Temporally setting log level to: NONE</msg>
<msg timestamp="20201122 19:38:35.208" level="INFO">Log level changed from NONE to INFO.</msg>
<status status="PASS" starttime="20201122 19:38:35.141" endtime="20201122 19:38:35.208"></status>
</kw>
<kw name="Click Element" library="SeleniumLibrary">
<doc>Click the element identified by ``locator``.</doc>
<arguments>
<arg>loginButton</arg>
</arguments>
<msg timestamp="20201122 19:38:35.208" level="INFO">Clicking element 'loginButton'.</msg>
<status status="PASS" starttime="20201122 19:38:35.208" endtime="20201122 19:38:35.875"></status>
</kw>
<kw name="Page Should Contain Element" library="SeleniumLibrary">
<doc>Verifies that element ``locator`` is found on the current page.</doc>
<arguments>
<arg>${invalidLbl}</arg>
</arguments>
<msg timestamp="20201122 19:38:35.885" level="INFO">Current page contains element 'css:div.container:nth-child(2) div.row div.col.s12.m12.l12 div.card.white.z-depth-4 div.card-content.row'.</msg>
<status status="PASS" starttime="20201122 19:38:35.875" endtime="20201122 19:38:35.885"></status>
</kw>
<status status="PASS" starttime="20201122 19:38:34.478" endtime="20201122 19:38:35.886"></status>
</kw>
<status status="PASS" starttime="20201122 19:38:34.478" endtime="20201122 19:38:35.886" critical="yes"></status>
</test>
<test id="s1-t3" name="Post Comment Hi">
<kw name="User Login" library="general_resources">
<kw name="Click Element" library="SeleniumLibrary">
<doc>Click the element identified by ``locator``.</doc>
<arguments>
<arg>${loginLink}</arg>
</arguments>
<msg timestamp="20201122 19:38:35.890" level="INFO">Clicking element 'css:div.navbar-fixed nav:nth-child(1) div.nav-wrapper.white ul.right.hide-on-med-and-down li:nth-child(3) &gt; a.btn-flat.waves-effect'.</msg>
<status status="PASS" starttime="20201122 19:38:35.890" endtime="20201122 19:38:36.457"></status>
</kw>
<kw name="Input Text" library="SeleniumLibrary">
<doc>Types the given ``text`` into the text field identified by ``locator``.</doc>
<arguments>
<arg>username</arg>
<arg>${user.email}</arg>
</arguments>
<msg timestamp="20201122 19:38:36.457" level="INFO">Typing text 'joshtest1@mailinator.com' into text field 'username'.</msg>
<status status="PASS" starttime="20201122 19:38:36.457" endtime="20201122 19:38:36.542"></status>
</kw>
<kw name="Input Password" library="SeleniumLibrary">
<doc>Types the given password into the text field identified by ``locator``.</doc>
<arguments>
<arg>password</arg>
<arg>${user.password}</arg>
</arguments>
<msg timestamp="20201122 19:38:36.543" level="INFO">Typing password into text field 'password'.</msg>
<msg timestamp="20201122 19:38:36.570" level="INFO">Temporally setting log level to: NONE</msg>
<msg timestamp="20201122 19:38:36.604" level="INFO">Log level changed from NONE to INFO.</msg>
<status status="PASS" starttime="20201122 19:38:36.542" endtime="20201122 19:38:36.604"></status>
</kw>
<kw name="Click Element" library="SeleniumLibrary">
<doc>Click the element identified by ``locator``.</doc>
<arguments>
<arg>loginButton</arg>
</arguments>
<msg timestamp="20201122 19:38:36.605" level="INFO">Clicking element 'loginButton'.</msg>
<status status="PASS" starttime="20201122 19:38:36.604" endtime="20201122 19:38:37.559"></status>
</kw>
<kw name="Page Should Contain" library="SeleniumLibrary">
<doc>Verifies that current page contains ``text``.</doc>
<arguments>
<arg>DMCA SIS</arg>
</arguments>
<msg timestamp="20201122 19:38:37.568" level="INFO">Current page contains text 'DMCA SIS'.</msg>
<status status="PASS" starttime="20201122 19:38:37.559" endtime="20201122 19:38:37.568"></status>
</kw>
<status status="PASS" starttime="20201122 19:38:35.889" endtime="20201122 19:38:37.568"></status>
</kw>
<kw name="Click the First Post and Write a the Comment ${COMMENT}" library="general_resources">
<kw name="Click Element" library="SeleniumLibrary">
<doc>Click the element identified by ``locator``.</doc>
<arguments>
<arg>${firstPost}</arg>
</arguments>
<msg timestamp="20201122 19:38:37.570" level="INFO">Clicking element 'css:div.main.white div.row:nth-child(1) div.col.s9.m12.l9:nth-child(1) div.row div.col.s12.m12.l12 div.card div.card-content div.row div.col.s9:nth-child(2) div:nth-child(1) ul.collection li.collection-item.avatar:nth-child(1) span.title:nth-child(2) &gt; a:nth-child(1)'.</msg>
<status status="PASS" starttime="20201122 19:38:37.569" endtime="20201122 19:38:42.719"></status>
</kw>
<kw name="Scroll Element Into View" library="SeleniumLibrary">
<doc>Scrolls the element identified by ``locator`` into view.</doc>
<arguments>
<arg>${postButton}</arg>
</arguments>
<status status="PASS" starttime="20201122 19:38:42.719" endtime="20201122 19:38:43.026"></status>
</kw>
<kw name="Wait Until Page Contains Element" library="SeleniumLibrary">
<doc>Waits until the element ``locator`` appears on the current page.</doc>
<arguments>
<arg>${postButton}</arg>
<arg>timeout=${long}</arg>
</arguments>
<status status="PASS" starttime="20201122 19:38:43.026" endtime="20201122 19:38:43.033"></status>
</kw>
<kw name="Input Text" library="SeleniumLibrary">
<doc>Types the given ``text`` into the text field identified by ``locator``.</doc>
<arguments>
<arg>${commentBox}</arg>
<arg>${COMMENT}</arg>
</arguments>
<msg timestamp="20201122 19:38:43.033" level="INFO">Typing text 'Hi' into text field 'css:#id_body'.</msg>
<status status="PASS" starttime="20201122 19:38:43.033" endtime="20201122 19:38:43.106"></status>
</kw>
<kw name="Click Element" library="SeleniumLibrary">
<doc>Click the element identified by ``locator``.</doc>
<arguments>
<arg>${postButton}</arg>
</arguments>
<msg timestamp="20201122 19:38:43.106" level="INFO">Clicking element 'css:div.white div.container:nth-child(3) div.row:nth-child(1) div.col.s12.m7.l8:nth-child(2) div.card div.card-content form:nth-child(15) &gt; input.btn.btn-large:nth-child(3)'.</msg>
<status status="PASS" starttime="20201122 19:38:43.106" endtime="20201122 19:38:44.181"></status>
</kw>
<kw name="Wait Until Page Contains" library="SeleniumLibrary">
<doc>Waits until ``text`` appears on the current page.</doc>
<arguments>
<arg>${COMMENT}</arg>
<arg>timeout=${long}</arg>
</arguments>
<status status="PASS" starttime="20201122 19:38:44.181" endtime="20201122 19:38:44.195"></status>
</kw>
<status status="PASS" starttime="20201122 19:38:37.569" endtime="20201122 19:38:44.195"></status>
</kw>
<status status="PASS" starttime="20201122 19:38:35.888" endtime="20201122 19:38:44.196" critical="yes"></status>
</test>
<kw name="Close All Browsers" library="SeleniumLibrary" type="teardown">
<doc>Closes all open browsers and resets the browser cache.</doc>
<status status="PASS" starttime="20201122 19:38:44.198" endtime="20201122 19:38:46.414"></status>
</kw>
<doc>Test Execution on https://dmca-edu-ph.herokuapp.com</doc>
<status status="PASS" starttime="20201122 19:38:22.009" endtime="20201122 19:38:46.414"></status>
</suite>
<statistics>
<total>
<stat pass="3" fail="0">Critical Tests</stat>
<stat pass="3" fail="0">All Tests</stat>
</total>
<tag>
</tag>
<suite>
<stat pass="3" fail="0" id="s1" name="Testcases">Testcases</stat>
</suite>
</statistics>
<errors>
</errors>
</robot>
