<?xml version="1.0" encoding="UTF-8"?>
<robot generator="Robot 3.2.2 (Python 3.9.0 on win32)" generated="20201122 15:20:40.734" rpa="false">
<suite id="s1" name="Testcases" source="C:\Automation\robotframework_selenium_test\tests\testcases.robot">
<kw name="Launch chrome" library="general_resources" type="setup">
<kw name="Open Browser" library="Selenium2Library">
<doc>Opens a new browser instance to the optional ``url``.</doc>
<arguments>
<arg>https://dmca-edu-ph.herokuapp.com/account</arg>
<arg>${BROWSER}</arg>
</arguments>
<msg timestamp="20201122 15:20:40.897" level="INFO">Opening browser 'chrome' to base url 'https://dmca-edu-ph.herokuapp.com/account'.</msg>
<status status="PASS" starttime="20201122 15:20:40.897" endtime="20201122 15:20:58.831"></status>
</kw>
<kw name="Maximize Browser Window" library="Selenium2Library">
<doc>Maximizes current browser window.</doc>
<status status="PASS" starttime="20201122 15:20:58.832" endtime="20201122 15:21:00.978"></status>
</kw>
<status status="PASS" starttime="20201122 15:20:40.897" endtime="20201122 15:21:00.979"></status>
</kw>
<test id="s1-t1" name="Valid User Login">
<kw name="User Login" library="general_resources">
<kw name="Click Link" library="Selenium2Library">
<doc>Clicks a link identified by ``locator``.</doc>
<arguments>
<arg>${loginLink}</arg>
</arguments>
<msg timestamp="20201122 15:21:00.982" level="INFO">Clicking link '/account/login/'.</msg>
<status status="PASS" starttime="20201122 15:21:00.982" endtime="20201122 15:21:01.602"></status>
</kw>
<kw name="Input Text" library="Selenium2Library">
<doc>Types the given ``text`` into the text field identified by ``locator``.</doc>
<arguments>
<arg>username</arg>
<arg>${user.email}</arg>
</arguments>
<msg timestamp="20201122 15:21:01.602" level="INFO">Typing text 'joshtest1@mailinator.com' into text field 'username'.</msg>
<status status="PASS" starttime="20201122 15:21:01.602" endtime="20201122 15:21:01.690"></status>
</kw>
<kw name="Input Password" library="Selenium2Library">
<doc>Types the given password into the text field identified by ``locator``.</doc>
<arguments>
<arg>password</arg>
<arg>${user.password}</arg>
</arguments>
<msg timestamp="20201122 15:21:01.690" level="INFO">Typing password into text field 'password'.</msg>
<msg timestamp="20201122 15:21:01.722" level="INFO">Temporally setting log level to: NONE</msg>
<msg timestamp="20201122 15:21:01.757" level="INFO">Log level changed from NONE to INFO.</msg>
<status status="PASS" starttime="20201122 15:21:01.690" endtime="20201122 15:21:01.757"></status>
</kw>
<kw name="Click Element" library="Selenium2Library">
<doc>Click the element identified by ``locator``.</doc>
<arguments>
<arg>loginButton</arg>
</arguments>
<msg timestamp="20201122 15:21:01.757" level="INFO">Clicking element 'loginButton'.</msg>
<status status="PASS" starttime="20201122 15:21:01.757" endtime="20201122 15:21:03.230"></status>
</kw>
<kw name="Page Should Contain" library="Selenium2Library">
<doc>Verifies that current page contains ``text``.</doc>
<arguments>
<arg>DMCA SIS</arg>
</arguments>
<msg timestamp="20201122 15:21:03.244" level="INFO">Current page contains text 'DMCA SIS'.</msg>
<status status="PASS" starttime="20201122 15:21:03.230" endtime="20201122 15:21:03.245"></status>
</kw>
<status status="PASS" starttime="20201122 15:21:00.981" endtime="20201122 15:21:03.245"></status>
</kw>
<kw name="User Logout" library="general_resources">
<kw name="Click Link" library="Selenium2Library">
<doc>Clicks a link identified by ``locator``.</doc>
<arguments>
<arg>${profileLink}</arg>
</arguments>
<msg timestamp="20201122 15:21:03.248" level="INFO">Clicking link '/account/view/edit/profile/'.</msg>
<status status="PASS" starttime="20201122 15:21:03.247" endtime="20201122 15:21:03.291"></status>
</kw>
<kw name="Click Link" library="Selenium2Library">
<doc>Clicks a link identified by ``locator``.</doc>
<arguments>
<arg>${logoutLink}</arg>
</arguments>
<msg timestamp="20201122 15:21:03.291" level="INFO">Clicking link '/account/logout/'.</msg>
<status status="PASS" starttime="20201122 15:21:03.291" endtime="20201122 15:21:04.210"></status>
</kw>
<kw name="Title Should Be" library="Selenium2Library">
<doc>Verifies that the current page title equals ``title``.</doc>
<arguments>
<arg>Login</arg>
</arguments>
<msg timestamp="20201122 15:21:04.215" level="INFO">Page title is 'Login'.</msg>
<status status="PASS" starttime="20201122 15:21:04.210" endtime="20201122 15:21:04.215"></status>
</kw>
<status status="PASS" starttime="20201122 15:21:03.247" endtime="20201122 15:21:04.216"></status>
</kw>
<status status="PASS" starttime="20201122 15:21:00.979" endtime="20201122 15:21:04.217" critical="yes"></status>
</test>
<test id="s1-t2" name="Invalid User Login">
<kw name="Invalid Login using ${xname} and ${xpass}" library="general_resources">
<kw name="Click Link" library="Selenium2Library">
<doc>Clicks a link identified by ``locator``.</doc>
<arguments>
<arg>${loginLink}</arg>
</arguments>
<msg timestamp="20201122 15:21:04.219" level="INFO">Clicking link '/account/login/'.</msg>
<status status="PASS" starttime="20201122 15:21:04.219" endtime="20201122 15:21:04.833"></status>
</kw>
<kw name="Input Text" library="Selenium2Library">
<doc>Types the given ``text`` into the text field identified by ``locator``.</doc>
<arguments>
<arg>username</arg>
<arg>${xname}</arg>
</arguments>
<msg timestamp="20201122 15:21:04.833" level="INFO">Typing text 'testname@invalid.com' into text field 'username'.</msg>
<status status="PASS" starttime="20201122 15:21:04.833" endtime="20201122 15:21:04.912"></status>
</kw>
<kw name="Input Password" library="Selenium2Library">
<doc>Types the given password into the text field identified by ``locator``.</doc>
<arguments>
<arg>password</arg>
<arg>${xpass}</arg>
</arguments>
<msg timestamp="20201122 15:21:04.912" level="INFO">Typing password into text field 'password'.</msg>
<msg timestamp="20201122 15:21:04.941" level="INFO">Temporally setting log level to: NONE</msg>
<msg timestamp="20201122 15:21:04.971" level="INFO">Log level changed from NONE to INFO.</msg>
<status status="PASS" starttime="20201122 15:21:04.912" endtime="20201122 15:21:04.971"></status>
</kw>
<kw name="Click Element" library="Selenium2Library">
<doc>Click the element identified by ``locator``.</doc>
<arguments>
<arg>loginButton</arg>
</arguments>
<msg timestamp="20201122 15:21:04.971" level="INFO">Clicking element 'loginButton'.</msg>
<status status="PASS" starttime="20201122 15:21:04.971" endtime="20201122 15:21:05.816"></status>
</kw>
<kw name="Page Should Contain Element" library="Selenium2Library">
<doc>Verifies that element ``locator`` is found on the current page.</doc>
<arguments>
<arg>${invalidLbl}</arg>
</arguments>
<msg timestamp="20201122 15:21:05.825" level="INFO">Current page contains element '//*[@id="content"]/div/div[2]/form/div/div/div/div/div[2]/div[2]/div[1]/div/div[2]/span'.</msg>
<status status="PASS" starttime="20201122 15:21:05.816" endtime="20201122 15:21:05.825"></status>
</kw>
<status status="PASS" starttime="20201122 15:21:04.218" endtime="20201122 15:21:05.825"></status>
</kw>
<status status="PASS" starttime="20201122 15:21:04.218" endtime="20201122 15:21:05.825" critical="yes"></status>
</test>
<kw name="Close All Browsers" library="Selenium2Library" type="teardown">
<doc>Closes all open browsers and resets the browser cache.</doc>
<status status="PASS" starttime="20201122 15:21:05.826" endtime="20201122 15:21:08.027"></status>
</kw>
<doc>Test Execution on https://dmca-edu-ph.herokuapp.com</doc>
<status status="PASS" starttime="20201122 15:20:40.736" endtime="20201122 15:21:08.027"></status>
</suite>
<statistics>
<total>
<stat pass="2" fail="0">Critical Tests</stat>
<stat pass="2" fail="0">All Tests</stat>
</total>
<tag>
</tag>
<suite>
<stat pass="2" fail="0" id="s1" name="Testcases">Testcases</stat>
</suite>
</statistics>
<errors>
</errors>
</robot>
